<?xml version="1.0" encoding="UTF-8"?>
<!-- Generated by org.testng.reporters.JUnitReportReporter -->
<testsuite hostname="DESKTOP-8Q41GAR" failures="0" tests="4" name="first.NewTest" time="0.027" errors="0" timestamp="2022-08-12T23:30:33 IST" skipped="0">
  <testcase classname="first.NewTest" name="f" time="0.003"/>
  <system-out/>
  <testcase classname="first.NewTest" name="a" time="0.019"/>
  <system-out/>
  <testcase classname="first.NewTest" name="c" time="0.003"/>
  <system-out/>
  <testcase classname="first.NewTest" name="b" time="0.002"/>
  <system-out/>
</testsuite> <!-- first.NewTest -->
